Game.obj : error LNK2019: çözümlenmemiş dış sembol "__declspec(dllimport) class sf::Time __cdecl sf::milliseconds(int)" (__imp_?milliseconds@sf@@YA?AVTime@1@H@Z) için "public: void __cdecl Game::update(void)" (?update@Game@@QEAAXXZ) işlevinde başvuruldu
Game.obj : error LNK2019: çözümlenmemiş dış sembol "__declspec(dllimport) void __cdecl sf::sleep(class sf::Time)" (__imp_?sleep@sf@@YAXVTime@1@@Z) için "public: void __cdecl Game::update(void)" (?update@Game@@QEAAXXZ) işlevinde başvuruldu
Game.obj : error LNK2019: çözümlenmemiş dış sembol "__declspec(dllimport) public: __cdecl sf::String::String(char const *,class std::locale const &)" (__imp_??0String@sf@@QEAA@PEBDAEBVlocale@std@@@Z) için "public: __cdecl Game::Game(int)" (??0Game@@QEAA@H@Z) işlevinde başvuruldu
Game.obj : error LNK2019: çözümlenmemiş dış sembol "__declspec(dllimport) public: __cdecl sf::String::~String(void)" (__imp_??1String@sf@@QEAA@XZ) için "public: __cdecl Game::Game(int)" (??0Game@@QEAA@H@Z) işlevinde başvuruldu
ScoreBoard.obj : error LNK2001: çözümlenmemiş dış sembol "__declspec(dllimport) public: __cdecl sf::String::~String(void)" (__imp_??1String@sf@@QEAA@XZ)
Game.obj : error LNK2019: çözümlenmemiş dış sembol "__declspec(dllimport) public: static bool __cdecl sf::Keyboard::isKeyPressed(enum sf::Keyboard::Key)" (__imp_?isKeyPressed@Keyboard@sf@@SA_NW4Key@12@@Z) için "public: void __cdecl Game::handleInput(void)" (?handleInput@Game@@QEAAXXZ) işlevinde başvuruldu
Game.obj : error LNK2019: çözümlenmemiş dış sembol "__declspec(dllimport) public: __cdecl sf::VideoMode::VideoMode(unsigned int,unsigned int,unsigned int)" (__imp_??0VideoMode@sf@@QEAA@III@Z) için "public: __cdecl Game::Game(int)" (??0Game@@QEAA@H@Z) işlevinde başvuruldu
Game.obj : error LNK2019: çözümlenmemiş dış sembol "__declspec(dllimport) public: void __cdecl sf::Window::close(void)" (__imp_?close@Window@sf@@QEAAXXZ) için "public: void __cdecl Game::update(void)" (?update@Game@@QEAAXXZ) işlevinde başvuruldu
Game.obj : error LNK2019: çözümlenmemiş dış sembol "__declspec(dllimport) public: bool __cdecl sf::Window::isOpen(void)const " (__imp_?isOpen@Window@sf@@QEBA_NXZ) için "public: void __cdecl Game::update(void)" (?update@Game@@QEAAXXZ) işlevinde başvuruldu
Game.obj : error LNK2019: çözümlenmemiş dış sembol "__declspec(dllimport) public: bool __cdecl sf::Window::pollEvent(class sf::Event &)" (__imp_?pollEvent@Window@sf@@QEAA_NAEAVEvent@2@@Z) için "public: void __cdecl Game::update(void)" (?update@Game@@QEAAXXZ) işlevinde başvuruldu
Game.obj : error LNK2019: çözümlenmemiş dış sembol "__declspec(dllimport) public: void __cdecl sf::Window::display(void)" (__imp_?display@Window@sf@@QEAAXXZ) için "public: void __cdecl Game::update(void)" (?update@Game@@QEAAXXZ) işlevinde başvuruldu
Game.obj : error LNK2019: çözümlenmemiş dış sembol "__declspec(dllimport) public: void __cdecl sf::Transformable::setPosition(float,float)" (__imp_?setPosition@Transformable@sf@@QEAAXMM@Z) için "public: __cdecl Game::Game(int)" (??0Game@@QEAA@H@Z) işlevinde başvuruldu
Mario.obj : error LNK2001: çözümlenmemiş dış sembol "__declspec(dllimport) public: void __cdecl sf::Transformable::setPosition(float,float)" (__imp_?setPosition@Transformable@sf@@QEAAXMM@Z)
turtle.obj : error LNK2001: çözümlenmemiş dış sembol "__declspec(dllimport) public: void __cdecl sf::Transformable::setPosition(float,float)" (__imp_?setPosition@Transformable@sf@@QEAAXMM@Z)
Game.obj : error LNK2019: çözümlenmemiş dış sembol "__declspec(dllimport) public: void __cdecl sf::Transformable::setScale(float,float)" (__imp_?setScale@Transformable@sf@@QEAAXMM@Z) için "public: __cdecl Game::Game(int)" (??0Game@@QEAA@H@Z) işlevinde başvuruldu
Mario.obj : error LNK2001: çözümlenmemiş dış sembol "__declspec(dllimport) public: void __cdecl sf::Transformable::setScale(float,float)" (__imp_?setScale@Transformable@sf@@QEAAXMM@Z)
Game.obj : error LNK2019: çözümlenmemiş dış sembol "__declspec(dllimport) public: class sf::Vector2<float> const & __cdecl sf::Transformable::getPosition(void)const " (__imp_?getPosition@Transformable@sf@@QEBAAEBV?$Vector2@M@2@XZ) için "public: bool __cdecl Game::checkCollusion(class Object *,class Mario *,int &)" (?checkCollusion@Game@@QEAA_NPEAVObject@@PEAVMario@@AEAH@Z) işlevinde başvuruldu
Mario.obj : error LNK2001: çözümlenmemiş dış sembol "__declspec(dllimport) public: class sf::Vector2<float> const & __cdecl sf::Transformable::getPosition(void)const " (__imp_?getPosition@Transformable@sf@@QEBAAEBV?$Vector2@M@2@XZ)
Object.obj : error LNK2001: çözümlenmemiş dış sembol "__declspec(dllimport) public: class sf::Vector2<float> const & __cdecl sf::Transformable::getPosition(void)const " (__imp_?getPosition@Transformable@sf@@QEBAAEBV?$Vector2@M@2@XZ)
turtle.obj : error LNK2001: çözümlenmemiş dış sembol "__declspec(dllimport) public: class sf::Vector2<float> const & __cdecl sf::Transformable::getPosition(void)const " (__imp_?getPosition@Transformable@sf@@QEBAAEBV?$Vector2@M@2@XZ)
Game.obj : error LNK2019: çözümlenmemiş dış sembol "__declspec(dllimport) public: void __cdecl sf::Transformable::move(float,float)" (__imp_?move@Transformable@sf@@QEAAXMM@Z) için "public: void __cdecl Game::handleInput(void)" (?handleInput@Game@@QEAAXXZ) işlevinde başvuruldu
Mario.obj : error LNK2001: çözümlenmemiş dış sembol "__declspec(dllimport) public: void __cdecl sf::Transformable::move(float,float)" (__imp_?move@Transformable@sf@@QEAAXMM@Z)
turtle.obj : error LNK2001: çözümlenmemiş dış sembol "__declspec(dllimport) public: void __cdecl sf::Transformable::move(float,float)" (__imp_?move@Transformable@sf@@QEAAXMM@Z)
Game.obj : error LNK2019: çözümlenmemiş dış sembol "__declspec(dllimport) public: __cdecl sf::Color::Color(unsigned char,unsigned char,unsigned char,unsigned char)" (__imp_??0Color@sf@@QEAA@EEEE@Z) için "public: void __cdecl Game::update(void)" (?update@Game@@QEAAXXZ) işlevinde başvuruldu
Game.obj : error LNK2019: çözümlenmemiş dış sembol "__declspec(dllimport) public: __cdecl sf::Texture::Texture(void)" (__imp_??0Texture@sf@@QEAA@XZ) için "public: __cdecl Game::Game(int)" (??0Game@@QEAA@H@Z) işlevinde başvuruldu
Mario.obj : error LNK2001: çözümlenmemiş dış sembol "__declspec(dllimport) public: __cdecl sf::Texture::Texture(void)" (__imp_??0Texture@sf@@QEAA@XZ)
Object.obj : error LNK2001: çözümlenmemiş dış sembol "__declspec(dllimport) public: __cdecl sf::Texture::Texture(void)" (__imp_??0Texture@sf@@QEAA@XZ)
turtle.obj : error LNK2001: çözümlenmemiş dış sembol "__declspec(dllimport) public: __cdecl sf::Texture::~Texture(void)" (__imp_??1Texture@sf@@QEAA@XZ)
Game.obj : error LNK2001: çözümlenmemiş dış sembol "__declspec(dllimport) public: __cdecl sf::Texture::~Texture(void)" (__imp_??1Texture@sf@@QEAA@XZ)
Mario.obj : error LNK2001: çözümlenmemiş dış sembol "__declspec(dllimport) public: __cdecl sf::Texture::~Texture(void)" (__imp_??1Texture@sf@@QEAA@XZ)
Main.obj : error LNK2001: çözümlenmemiş dış sembol "__declspec(dllimport) public: __cdecl sf::Texture::~Texture(void)" (__imp_??1Texture@sf@@QEAA@XZ)
Object.obj : error LNK2001: çözümlenmemiş dış sembol "__declspec(dllimport) public: __cdecl sf::Texture::~Texture(void)" (__imp_??1Texture@sf@@QEAA@XZ)
Game.obj : error LNK2019: çözümlenmemiş dış sembol "__declspec(dllimport) public: bool __cdecl sf::Texture::loadFromFile(class std::basic_string<char,struct std::char_traits<char>,class std::allocator<char> > const &,class sf::Rect<int> const &)" (__imp_?loadFromFile@Texture@sf@@QEAA_NAEBV?$basic_string@DU?$char_traits@D@std@@V?$allocator@D@2@@std@@AEBV?$Rect@H@2@@Z) için "public: __cdecl Game::Game(int)" (??0Game@@QEAA@H@Z) işlevinde başvuruldu
Mario.obj : error LNK2001: çözümlenmemiş dış sembol "__declspec(dllimport) public: bool __cdecl sf::Texture::loadFromFile(class std::basic_string<char,struct std::char_traits<char>,class std::allocator<char> > const &,class sf::Rect<int> const &)" (__imp_?loadFromFile@Texture@sf@@QEAA_NAEBV?$basic_string@DU?$char_traits@D@std@@V?$allocator@D@2@@std@@AEBV?$Rect@H@2@@Z)
turtle.obj : error LNK2001: çözümlenmemiş dış sembol "__declspec(dllimport) public: bool __cdecl sf::Texture::loadFromFile(class std::basic_string<char,struct std::char_traits<char>,class std::allocator<char> > const &,class sf::Rect<int> const &)" (__imp_?loadFromFile@Texture@sf@@QEAA_NAEBV?$basic_string@DU?$char_traits@D@std@@V?$allocator@D@2@@std@@AEBV?$Rect@H@2@@Z)
Game.obj : error LNK2019: çözümlenmemiş dış sembol "__declspec(dllimport) public: class sf::Vector2<unsigned int> __cdecl sf::Texture::getSize(void)const " (__imp_?getSize@Texture@sf@@QEBA?AV?$Vector2@I@2@XZ) için "public: bool __cdecl Game::checkCollusion(class Object *,class Mario *,int &)" (?checkCollusion@Game@@QEAA_NPEAVObject@@PEAVMario@@AEAH@Z) işlevinde başvuruldu
Mario.obj : error LNK2001: çözümlenmemiş dış sembol "__declspec(dllimport) public: class sf::Vector2<unsigned int> __cdecl sf::Texture::getSize(void)const " (__imp_?getSize@Texture@sf@@QEBA?AV?$Vector2@I@2@XZ)
turtle.obj : error LNK2001: çözümlenmemiş dış sembol "__declspec(dllimport) public: class sf::Vector2<unsigned int> __cdecl sf::Texture::getSize(void)const " (__imp_?getSize@Texture@sf@@QEBA?AV?$Vector2@I@2@XZ)
Game.obj : error LNK2019: çözümlenmemiş dış sembol "__declspec(dllimport) public: void __cdecl sf::Texture::setRepeated(bool)" (__imp_?setRepeated@Texture@sf@@QEAAX_N@Z) için "public: __cdecl Game::Game(int)" (??0Game@@QEAA@H@Z) işlevinde başvuruldu
Game.obj : error LNK2019: çözümlenmemiş dış sembol "__declspec(dllimport) public: __cdecl sf::Font::Font(void)" (__imp_??0Font@sf@@QEAA@XZ) için "public: __cdecl Game::Game(int)" (??0Game@@QEAA@H@Z) işlevinde başvuruldu
Game.obj : error LNK2019: çözümlenmemiş dış sembol "__declspec(dllimport) public: __cdecl sf::Font::~Font(void)" (__imp_??1Font@sf@@QEAA@XZ) için "int `public: __cdecl Game::Game(int)'::`1'::dtor$37" (?dtor$37@?0???0Game@@QEAA@H@Z@4HA) işlevinde başvuruldu
Main.obj : error LNK2001: çözümlenmemiş dış sembol "__declspec(dllimport) public: __cdecl sf::Font::~Font(void)" (__imp_??1Font@sf@@QEAA@XZ)
Game.obj : error LNK2019: çözümlenmemiş dış sembol "__declspec(dllimport) public: bool __cdecl sf::Font::loadFromFile(class std::basic_string<char,struct std::char_traits<char>,class std::allocator<char> > const &)" (__imp_?loadFromFile@Font@sf@@QEAA_NAEBV?$basic_string@DU?$char_traits@D@std@@V?$allocator@D@2@@std@@@Z) için "public: __cdecl Game::Game(int)" (??0Game@@QEAA@H@Z) işlevinde başvuruldu
Game.obj : error LNK2019: çözümlenmemiş dış sembol "__declspec(dllimport) public: void __cdecl sf::RenderTarget::clear(class sf::Color const &)" (__imp_?clear@RenderTarget@sf@@QEAAXAEBVColor@2@@Z) için "public: void __cdecl Game::update(void)" (?update@Game@@QEAAXXZ) işlevinde başvuruldu
Game.obj : error LNK2019: çözümlenmemiş dış sembol "__declspec(dllimport) public: void __cdecl sf::RenderTarget::draw(class sf::Drawable const &,class sf::RenderStates const &)" (__imp_?draw@RenderTarget@sf@@QEAAXAEBVDrawable@2@AEBVRenderStates@2@@Z) için "public: void __cdecl Game::update(void)" (?update@Game@@QEAAXXZ) işlevinde başvuruldu
Mario.obj : error LNK2001: çözümlenmemiş dış sembol "__declspec(dllimport) public: void __cdecl sf::RenderTarget::draw(class sf::Drawable const &,class sf::RenderStates const &)" (__imp_?draw@RenderTarget@sf@@QEAAXAEBVDrawable@2@AEBVRenderStates@2@@Z)
Object.obj : error LNK2001: çözümlenmemiş dış sembol "__declspec(dllimport) public: void __cdecl sf::RenderTarget::draw(class sf::Drawable const &,class sf::RenderStates const &)" (__imp_?draw@RenderTarget@sf@@QEAAXAEBVDrawable@2@AEBVRenderStates@2@@Z)
Game.obj : error LNK2019: çözümlenmemiş dış sembol "__declspec(dllimport) public: __cdecl sf::RenderWindow::RenderWindow(class sf::VideoMode,class sf::String const &,unsigned int,struct sf::ContextSettings const &)" (__imp_??0RenderWindow@sf@@QEAA@VVideoMode@1@AEBVString@1@IAEBUContextSettings@1@@Z) için "public: __cdecl Game::Game(int)" (??0Game@@QEAA@H@Z) işlevinde başvuruldu
Game.obj : error LNK2019: çözümlenmemiş dış sembol "__declspec(dllimport) public: virtual __cdecl sf::RenderWindow::~RenderWindow(void)" (__imp_??1RenderWindow@sf@@UEAA@XZ) için "public: virtual void * __cdecl sf::RenderWindow::`scalar deleting destructor'(unsigned int)" (??_GRenderWindow@sf@@UEAAPEAXI@Z) işlevinde başvuruldu
Game.obj : error LNK2019: çözümlenmemiş dış sembol "__declspec(dllimport) public: __cdecl sf::Sprite::Sprite(void)" (__imp_??0Sprite@sf@@QEAA@XZ) için "public: __cdecl Game::Game(int)" (??0Game@@QEAA@H@Z) işlevinde başvuruldu
Mario.obj : error LNK2001: çözümlenmemiş dış sembol "__declspec(dllimport) public: __cdecl sf::Sprite::Sprite(void)" (__imp_??0Sprite@sf@@QEAA@XZ)
Object.obj : error LNK2001: çözümlenmemiş dış sembol "__declspec(dllimport) public: __cdecl sf::Sprite::Sprite(void)" (__imp_??0Sprite@sf@@QEAA@XZ)
Game.obj : error LNK2019: çözümlenmemiş dış sembol "__declspec(dllimport) public: void __cdecl sf::Sprite::setTexture(class sf::Texture const &,bool)" (__imp_?setTexture@Sprite@sf@@QEAAXAEBVTexture@2@_N@Z) için "public: __cdecl Game::Game(int)" (??0Game@@QEAA@H@Z) işlevinde başvuruldu
Mario.obj : error LNK2001: çözümlenmemiş dış sembol "__declspec(dllimport) public: void __cdecl sf::Sprite::setTexture(class sf::Texture const &,bool)" (__imp_?setTexture@Sprite@sf@@QEAAXAEBVTexture@2@_N@Z)
turtle.obj : error LNK2001: çözümlenmemiş dış sembol "__declspec(dllimport) public: void __cdecl sf::Sprite::setTexture(class sf::Texture const &,bool)" (__imp_?setTexture@Sprite@sf@@QEAAXAEBVTexture@2@_N@Z)
Game.obj : error LNK2019: çözümlenmemiş dış sembol "__declspec(dllimport) public: void __cdecl sf::Sprite::setTextureRect(class sf::Rect<int> const &)" (__imp_?setTextureRect@Sprite@sf@@QEAAXAEBV?$Rect@H@2@@Z) için "public: __cdecl Game::Game(int)" (??0Game@@QEAA@H@Z) işlevinde başvuruldu
turtle.obj : error LNK2001: çözümlenmemiş dış sembol "__declspec(dllimport) public: virtual __cdecl sf::Sprite::~Sprite(void)" (__imp_??1Sprite@sf@@UEAA@XZ)
Game.obj : error LNK2001: çözümlenmemiş dış sembol "__declspec(dllimport) public: virtual __cdecl sf::Sprite::~Sprite(void)" (__imp_??1Sprite@sf@@UEAA@XZ)
Mario.obj : error LNK2001: çözümlenmemiş dış sembol "__declspec(dllimport) public: virtual __cdecl sf::Sprite::~Sprite(void)" (__imp_??1Sprite@sf@@UEAA@XZ)
Main.obj : error LNK2001: çözümlenmemiş dış sembol "__declspec(dllimport) public: virtual __cdecl sf::Sprite::~Sprite(void)" (__imp_??1Sprite@sf@@UEAA@XZ)
Object.obj : error LNK2001: çözümlenmemiş dış sembol "__declspec(dllimport) public: virtual __cdecl sf::Sprite::~Sprite(void)" (__imp_??1Sprite@sf@@UEAA@XZ)
Game.obj : error LNK2019: çözümlenmemiş dış sembol "__declspec(dllimport) public: __cdecl sf::Sprite::Sprite(class sf::Sprite const &)" (__imp_??0Sprite@sf@@QEAA@AEBV01@@Z) için "void __cdecl std::_Construct_in_place<class sf::Sprite,class sf::Sprite const &>(class sf::Sprite &,class sf::Sprite const &)" (??$_Construct_in_place@VSprite@sf@@AEBV12@@std@@YAXAEAVSprite@sf@@AEBV12@@Z) işlevinde başvuruldu
Object.obj : error LNK2001: çözümlenmemiş dış sembol "__declspec(dllimport) public: __cdecl sf::Sprite::Sprite(class sf::Sprite const &)" (__imp_??0Sprite@sf@@QEAA@AEBV01@@Z)
Game.obj : error LNK2019: çözümlenmemiş dış sembol "__declspec(dllimport) public: __cdecl sf::Sprite::Sprite(class sf::Sprite &&)" (__imp_??0Sprite@sf@@QEAA@$$QEAV01@@Z) için "public: static void __cdecl std::_Default_allocator_traits<class std::allocator<class sf::Sprite> >::construct<class sf::Sprite,class sf::Sprite>(class std::allocator<class sf::Sprite> &,class sf::Sprite * const,class sf::Sprite &&)" (??$construct@VSprite@sf@@V12@@?$_Default_allocator_traits@V?$allocator@VSprite@sf@@@std@@@std@@SAXAEAV?$allocator@VSprite@sf@@@1@QEAVSprite@sf@@$$QEAV34@@Z) işlevinde başvuruldu
Game.obj : error LNK2019: çözümlenmemiş dış sembol "__declspec(dllimport) public: __cdecl sf::Text::Text(void)" (__imp_??0Text@sf@@QEAA@XZ) için "public: __cdecl Game::Game(int)" (??0Game@@QEAA@H@Z) işlevinde başvuruldu
Game.obj : error LNK2019: çözümlenmemiş dış sembol "__declspec(dllimport) public: void __cdecl sf::Text::setString(class sf::String const &)" (__imp_?setString@Text@sf@@QEAAXAEBVString@2@@Z) için "public: __cdecl Game::Game(int)" (??0Game@@QEAA@H@Z) işlevinde başvuruldu
ScoreBoard.obj : error LNK2001: çözümlenmemiş dış sembol "__declspec(dllimport) public: void __cdecl sf::Text::setString(class sf::String const &)" (__imp_?setString@Text@sf@@QEAAXAEBVString@2@@Z)
Game.obj : error LNK2019: çözümlenmemiş dış sembol "__declspec(dllimport) public: void __cdecl sf::Text::setFont(class sf::Font const &)" (__imp_?setFont@Text@sf@@QEAAXAEBVFont@2@@Z) için "public: __cdecl Game::Game(int)" (??0Game@@QEAA@H@Z) işlevinde başvuruldu
Game.obj : error LNK2019: çözümlenmemiş dış sembol "__declspec(dllimport) public: void __cdecl sf::Text::setCharacterSize(unsigned int)" (__imp_?setCharacterSize@Text@sf@@QEAAXI@Z) için "public: __cdecl Game::Game(int)" (??0Game@@QEAA@H@Z) işlevinde başvuruldu
Game.obj : error LNK2019: çözümlenmemiş dış sembol "__declspec(dllimport) public: void __cdecl sf::Text::setFillColor(class sf::Color const &)" (__imp_?setFillColor@Text@sf@@QEAAXAEBVColor@2@@Z) için "public: __cdecl Game::Game(int)" (??0Game@@QEAA@H@Z) işlevinde başvuruldu
Game.obj : error LNK2019: çözümlenmemiş dış sembol "__declspec(dllimport) public: virtual __cdecl sf::Text::~Text(void)" (__imp_??1Text@sf@@UEAA@XZ) için "int `public: __cdecl Game::Game(int)'::`1'::dtor$38" (?dtor$38@?0???0Game@@QEAA@H@Z@4HA) işlevinde başvuruldu
Main.obj : error LNK2001: çözümlenmemiş dış sembol "__declspec(dllimport) public: virtual __cdecl sf::Text::~Text(void)" (__imp_??1Text@sf@@UEAA@XZ)
Game.obj : error LNK2001: çözümlenmemiş dış sembol "private: virtual void __cdecl sf::Sprite::draw(class sf::RenderTarget &,class sf::RenderStates)const " (?draw@Sprite@sf@@EEBAXAEAVRenderTarget@2@VRenderStates@2@@Z)
Game.obj : error LNK2001: çözümlenmemiş dış sembol "public: virtual class sf::Vector2<unsigned int> __cdecl sf::RenderWindow::getSize(void)const " (?getSize@RenderWindow@sf@@UEBA?AV?$Vector2@I@2@XZ)
Game.obj : error LNK2001: çözümlenmemiş dış sembol "public: virtual bool __cdecl sf::RenderWindow::setActive(bool)" (?setActive@RenderWindow@sf@@UEAA_N_N@Z)
Game.obj : error LNK2001: çözümlenmemiş dış sembol "protected: virtual void __cdecl sf::RenderWindow::onCreate(void)" (?onCreate@RenderWindow@sf@@MEAAXXZ)
Game.obj : error LNK2001: çözümlenmemiş dış sembol "protected: virtual void __cdecl sf::RenderWindow::onResize(void)" (?onResize@RenderWindow@sf@@MEAAXXZ)
Game.obj : error LNK2019: çözümlenmemiş dış sembol "__declspec(dllimport) public: static class sf::RenderStates const sf::RenderStates::Default" (__imp_?Default@RenderStates@sf@@2V12@B) için "public: void __cdecl Game::update(void)" (?update@Game@@QEAAXXZ) işlevinde başvuruldu
Mario.obj : error LNK2001: çözümlenmemiş dış sembol "__declspec(dllimport) public: static class sf::RenderStates const sf::RenderStates::Default" (__imp_?Default@RenderStates@sf@@2V12@B)
Object.obj : error LNK2001: çözümlenmemiş dış sembol "__declspec(dllimport) public: static class sf::RenderStates const sf::RenderStates::Default" (__imp_?Default@RenderStates@sf@@2V12@B)
Game.obj : error LNK2019: çözümlenmemiş dış sembol "__declspec(dllimport) public: static class sf::Color const sf::Color::Red" (__imp_?Red@Color@sf@@2V12@B) için "public: __cdecl Game::Game(int)" (??0Game@@QEAA@H@Z) işlevinde başvuruldu
Game.obj : error LNK2019: çözümlenmemiş dış sembol "__declspec(dllimport) public: static class sf::Color const sf::Color::Yellow" (__imp_?Yellow@Color@sf@@2V12@B) için "public: __cdecl Game::Game(int)" (??0Game@@QEAA@H@Z) işlevinde başvuruldu
Mario.obj : error LNK2019: çözümlenmemiş dış sembol "__declspec(dllimport) public: void __cdecl sf::Transformable::setPosition(class sf::Vector2<float> const &)" (__imp_?setPosition@Transformable@sf@@QEAAXAEBV?$Vector2@M@2@@Z) için "public: void __cdecl Mario::setPosition(class sf::Vector2<float>)" (?setPosition@Mario@@QEAAXV?$Vector2@M@sf@@@Z) işlevinde başvuruldu
Mario.obj : error LNK2019: çözümlenmemiş dış sembol "__declspec(dllimport) public: void __cdecl sf::Transformable::setOrigin(float,float)" (__imp_?setOrigin@Transformable@sf@@QEAAXMM@Z) için "public: __cdecl Mario::Mario(class sf::RenderWindow *)" (??0Mario@@QEAA@PEAVRenderWindow@sf@@@Z) işlevinde başvuruldu
turtle.obj : error LNK2001: çözümlenmemiş dış sembol "__declspec(dllimport) public: void __cdecl sf::Transformable::setOrigin(float,float)" (__imp_?setOrigin@Transformable@sf@@QEAAXMM@Z)
Object.obj : error LNK2019: çözümlenmemiş dış sembol "__declspec(dllimport) public: __cdecl sf::Texture::Texture(class sf::Texture const &)" (__imp_??0Texture@sf@@QEAA@AEBV01@@Z) için "public: class sf::Texture __cdecl Object::getTexture(void)" (?getTexture@Object@@QEAA?AVTexture@sf@@XZ) işlevinde başvuruldu
Object.obj : error LNK2019: çözümlenmemiş dış sembol "__declspec(dllimport) public: class sf::Rect<float> __cdecl sf::Sprite::getGlobalBounds(void)const " (__imp_?getGlobalBounds@Sprite@sf@@QEBA?AV?$Rect@M@2@XZ) için "public: class sf::Rect<float> __cdecl Object::getBounds(void)" (?getBounds@Object@@QEAA?AV?$Rect@M@sf@@XZ) işlevinde başvuruldu
ScoreBoard.obj : error LNK2019: çözümlenmemiş dış sembol "__declspec(dllimport) public: __cdecl sf::String::String(class std::basic_string<char,struct std::char_traits<char>,class std::allocator<char> > const &,class std::locale const &)" (__imp_??0String@sf@@QEAA@AEBV?$basic_string@DU?$char_traits@D@std@@V?$allocator@D@2@@std@@AEBVlocale@3@@Z) için "public: void __cdecl ScoreBoard::printscore(class sf::Text &,int)" (?printscore@ScoreBoard@@QEAAXAEAVText@sf@@H@Z) işlevinde başvuruldu
turtle.obj : error LNK2019: çözümlenmemiş dış sembol "__declspec(dllimport) public: void __cdecl sf::Transformable::scale(float,float)" (__imp_?scale@Transformable@sf@@QEAAXMM@Z) için "public: virtual void __cdecl turtle::move(void)" (?move@turtle@@UEAAXXZ) işlevinde başvuruldu
C:\Users\User\source\repos\Mario\\SFML-2.5.1\lib\sfml-main-d.lib : warning LNK4272: 'x86' kitaplık makine türü, 'x64' hedef makine türüyle çakışıyor
C:\Users\User\source\repos\Mario\\SFML-2.5.1\lib\sfml-graphics-d.lib : warning LNK4272: 'x86' kitaplık makine türü, 'x64' hedef makine türüyle çakışıyor
C:\Users\User\source\repos\Mario\\SFML-2.5.1\lib\sfml-window-d.lib : warning LNK4272: 'x86' kitaplık makine türü, 'x64' hedef makine türüyle çakışıyor
C:\Users\User\source\repos\Mario\\SFML-2.5.1\lib\sfml-system-d.lib : warning LNK4272: 'x86' kitaplık makine türü, 'x64' hedef makine türüyle çakışıyor
C:\Users\User\source\repos\Mario\x64\Debug\Mario.exe : fatal error LNK1120: 53 çözümlenmemiş dışlar
